<?xml version="1.0" encoding="UTF-8"?>
<testsuite name="RunCucumberTest" tests="1" skipped="0" failures="1" errors="0" timestamp="2021-08-14T14:06:23" hostname="WIN-NJL6L3BTE0H" time="11.122">
  <properties/>
  <testcase name="Открыть меню &quot;Все товары&quot;" classname="RunCucumberTest" time="11.122">
    <failure message="io.cucumber.junit.UndefinedStepException: The step 'Нажмем на кнопку &quot;Все товары&quot;' is undefined.&#10;You can implement this step using the snippet(s) below:&#10;&#10;@Допустим(&quot;Нажмем на кнопку {string}&quot;)&#10;public void нажмем_на_кнопку(String string) {&#10;    // Write code here that turns the phrase above into concrete actions&#10;    throw new io.cucumber.java.PendingException();&#10;}&#10;" type="io.cucumber.junit.UndefinedStepException">io.cucumber.junit.UndefinedStepException: The step 'Нажмем на кнопку &quot;Все товары&quot;' is undefined.
You can implement this step using the snippet(s) below:

@Допустим(&quot;Нажмем на кнопку {string}&quot;)
public void нажмем_на_кнопку(String string) {
    // Write code here that turns the phrase above into concrete actions
    throw new io.cucumber.java.PendingException();
}

</failure>
  </testcase>
  <system-out><![CDATA[
РЎС†РµРЅР°СЂРёР№: РћС‚РєСЂС‹С‚СЊ РјРµРЅСЋ "Р’СЃРµ С‚РѕРІР°СЂС‹"      ?[90m# src/test/resources/features/login.feature:4?[0m
  ?[33mР”РѕРїСѓСЃС‚РёРј ?[0m?[33mРќР°Р¶РјРµРј РЅР° РєРЅРѕРїРєСѓ "Р’СЃРµ С‚РѕРІР°СЂС‹"?[0m ?[90m# null?[0m
]]></system-out>
  <system-err><![CDATA[SLF4J: Failed to load class "org.slf4j.impl.StaticLoggerBinder".
SLF4J: Defaulting to no-operation (NOP) logger implementation
SLF4J: See http://www.slf4j.org/codes.html#StaticLoggerBinder for further details.
Starting ChromeDriver 92.0.4515.107 (87a818b10553a07434ea9e2b6dccf3cbe7895134-refs/branch-heads/4515@{#1634}) on port 10905
Only local connections are allowed.
Please see https://chromedriver.chromium.org/security-considerations for suggestions on keeping ChromeDriver safe.
ChromeDriver was started successfully.
авг. 14, 2021 5:06:28 PM org.openqa.selenium.remote.ProtocolHandshake createSession
INFO: Detected dialect: W3C
?[32m?[1m??????????????????????????????????????????????????????????????????????????????????????[0m
?[32m?[1m??[0m Share your Cucumber Report with your team at ?[36m?[1m?[4mhttps://reports.cucumber.io?[0m          ?[32m?[1m??[0m
?[32m?[1m??[0m Activate publishing with one of the following:                                    ?[32m?[1m??[0m
?[32m?[1m??[0m                                                                                   ?[32m?[1m??[0m
?[32m?[1m??[0m src/test/resources/cucumber.properties:          ?[36mcucumber.publish.enabled?[0m=?[36mtrue?[0m    ?[32m?[1m??[0m
?[32m?[1m??[0m src/test/resources/junit-platform.properties:    ?[36mcucumber.publish.enabled?[0m=?[36mtrue?[0m    ?[32m?[1m??[0m
?[32m?[1m??[0m Environment variable:                            ?[36mCUCUMBER_PUBLISH_ENABLED?[0m=?[36mtrue?[0m    ?[32m?[1m??[0m
?[32m?[1m??[0m JUnit:                                           ?[36m@CucumberOptions?[0m(publish = ?[36mtrue?[0m) ?[32m?[1m??[0m
?[32m?[1m??[0m                                                                                   ?[32m?[1m??[0m
?[32m?[1m??[0m More information at ?[36mhttps://cucumber.io/docs/cucumber/environment-variables/?[0m      ?[32m?[1m??[0m
?[32m?[1m??[0m                                                                                   ?[32m?[1m??[0m
?[32m?[1m??[0m Disable this message with one of the following:                                   ?[32m?[1m??[0m
?[32m?[1m??[0m                                                                                   ?[32m?[1m??[0m
?[32m?[1m??[0m src/test/resources/cucumber.properties:          ?[36mcucumber.publish.quiet?[0m=?[36mtrue?[0m      ?[32m?[1m??[0m
?[32m?[1m??[0m src/test/resources/junit-platform.properties:    ?[36mcucumber.publish.quiet?[0m=?[36mtrue?[0m      ?[32m?[1m??[0m
?[32m?[1m??????????????????????????????????????????????????????????????????????????????????????[0m
]]></system-err>
</testsuite>
